<?xml version="1.0" encoding="UTF-8"?>
<!-- Generated by org.testng.reporters.JUnitXMLReporter -->
<testsuite ignored="17" hostname="LAPTOP-JUA187N9" failures="0" tests="1" name="test" time="30.378" errors="0" timestamp="2025-03-26T16:38:18 IST">
  <testcase classname="storetest.test" name="dd" time="16.174"/>
  <testcase classname="storetest.test" name="storetypenotselected" time="0.0">
    <ignored/>
  </testcase> <!-- storetypenotselected -->
  <testcase classname="storetest.test" name="verifyUnsupportedFileUpload" time="0.0">
    <ignored/>
  </testcase> <!-- verifyUnsupportedFileUpload -->
  <testcase classname="storetest.test" name="specialcharactersstorename" time="0.0">
    <ignored/>
  </testcase> <!-- specialcharactersstorename -->
  <testcase classname="storetest.test" name="verifymaxsize" time="0.0">
    <ignored/>
  </testcase> <!-- verifymaxsize -->
  <testcase classname="storetest.test" name="validstorename" time="0.0">
    <ignored/>
  </testcase> <!-- validstorename -->
  <testcase classname="storetest.test" name="storetype" time="0.0">
    <ignored/>
  </testcase> <!-- storetype -->
  <testcase classname="storetest.test" name="stateselect" time="0.0">
    <ignored/>
  </testcase> <!-- stateselect -->
  <testcase classname="storetest.test" name="minstorename" time="0.0">
    <ignored/>
  </testcase> <!-- minstorename -->
  <testcase classname="storetest.test" name="citydd" time="0.0">
    <ignored/>
  </testcase> <!-- citydd -->
  <testcase classname="storetest.test" name="testUploadLogo" time="0.0">
    <ignored/>
  </testcase> <!-- testUploadLogo -->
  <testcase classname="storetest.test" name="verifyViewLogo" time="0.0">
    <ignored/>
  </testcase> <!-- verifyViewLogo -->
  <testcase classname="storetest.test" name="emptystorename" time="0.0">
    <ignored/>
  </testcase> <!-- emptystorename -->
  <testcase classname="storetest.test" name="storeselect" time="0.0">
    <ignored/>
  </testcase> <!-- storeselect -->
  <testcase classname="storetest.test" name="verifyDeleteLogo" time="0.0">
    <ignored/>
  </testcase> <!-- verifyDeleteLogo -->
  <testcase classname="storetest.test" name="maxstorename" time="0.0">
    <ignored/>
  </testcase> <!-- maxstorename -->
  <testcase classname="storetest.test" name="statedd" time="0.0">
    <ignored/>
  </testcase> <!-- statedd -->
  <testcase classname="storetest.test" name="validTest" time="0.0">
    <ignored/>
  </testcase> <!-- validTest -->
</testsuite> <!-- test -->
