<?xml version="1.0" encoding="UTF-8"?>
<!-- Generated by org.testng.reporters.JUnitXMLReporter -->
<testsuite ignored="0" hostname="LAPTOP-JUA187N9" failures="0" tests="66" name="Brave Test" time="14.266" errors="0" timestamp="2025-04-11T10:29:00 IST">
  <testcase classname="storetest.addstore" name="validTest" time="0.0">
    <skipped/>
  </testcase> <!-- validTest -->
  <testcase classname="storetest.addstore" name="testUploadLogo" time="0.001">
    <skipped/>
  </testcase> <!-- testUploadLogo -->
  <testcase classname="storetest.addstore" name="verifyUnsupportedFileUpload" time="0.0">
    <skipped/>
  </testcase> <!-- verifyUnsupportedFileUpload -->
  <testcase classname="storetest.addstore" name="verifyDeleteLogo" time="0.0">
    <skipped/>
  </testcase> <!-- verifyDeleteLogo -->
  <testcase classname="storetest.addstore" name="verifymaxsize" time="0.0">
    <skipped/>
  </testcase> <!-- verifymaxsize -->
  <testcase classname="storetest.addstore" name="validstorename" time="0.0">
    <skipped/>
  </testcase> <!-- validstorename -->
  <testcase classname="storetest.addstore" name="emptystorename" time="0.001">
    <skipped/>
  </testcase> <!-- emptystorename -->
  <testcase classname="storetest.addstore" name="specialcharactersstorename" time="0.001">
    <skipped/>
  </testcase> <!-- specialcharactersstorename -->
  <testcase classname="storetest.addstore" name="minstorename" time="0.0">
    <skipped/>
  </testcase> <!-- minstorename -->
  <testcase classname="storetest.addstore" name="maxstorename" time="0.001">
    <skipped/>
  </testcase> <!-- maxstorename -->
  <testcase classname="storetest.addstore" name="storetype" time="0.0">
    <skipped/>
  </testcase> <!-- storetype -->
  <testcase classname="storetest.addstore" name="storeselect" time="0.0">
    <skipped/>
  </testcase> <!-- storeselect -->
  <testcase classname="storetest.addstore" name="storetypenotselected" time="0.0">
    <skipped/>
  </testcase> <!-- storetypenotselected -->
  <testcase classname="storetest.addstore" name="validdoorno" time="0.0">
    <skipped/>
  </testcase> <!-- validdoorno -->
  <testcase classname="storetest.addstore" name="statedd" time="0.0">
    <skipped/>
  </testcase> <!-- statedd -->
  <testcase classname="storetest.addstore" name="stateselect" time="0.001">
    <skipped/>
  </testcase> <!-- stateselect -->
  <testcase classname="storetest.addstore" name="statenotselected" time="0.0">
    <skipped/>
  </testcase> <!-- statenotselected -->
  <testcase classname="storetest.addstore" name="citydd" time="0.001">
    <skipped/>
  </testcase> <!-- citydd -->
  <testcase classname="storetest.addstore" name="cityselect" time="0.0">
    <skipped/>
  </testcase> <!-- cityselect -->
  <testcase classname="storetest.addstore" name="citynotselected" time="0.001">
    <skipped/>
  </testcase> <!-- citynotselected -->
  <testcase classname="storetest.addstore" name="pincodedd" time="0.0">
    <skipped/>
  </testcase> <!-- pincodedd -->
  <testcase classname="storetest.addstore" name="pincodeselect" time="0.001">
    <skipped/>
  </testcase> <!-- pincodeselect -->
  <testcase classname="storetest.addstore" name="pincodenotselected" time="0.0">
    <skipped/>
  </testcase> <!-- pincodenotselected -->
  <testcase classname="storetest.addstore" name="emptydoorno" time="0.0">
    <skipped/>
  </testcase> <!-- emptydoorno -->
  <testcase classname="storetest.addstore" name="specialdoorno" time="0.0">
    <skipped/>
  </testcase> <!-- specialdoorno -->
  <testcase classname="storetest.addstore" name="maxdoorno" time="0.0">
    <skipped/>
  </testcase> <!-- maxdoorno -->
  <testcase classname="storetest.addstore" name="validstreetname" time="0.0">
    <skipped/>
  </testcase> <!-- validstreetname -->
  <testcase classname="storetest.addstore" name="emptystreetname" time="0.0">
    <skipped/>
  </testcase> <!-- emptystreetname -->
  <testcase classname="storetest.addstore" name="specialcharacterssteetname" time="0.0">
    <skipped/>
  </testcase> <!-- specialcharacterssteetname -->
  <testcase classname="storetest.addstore" name="minstreetname" time="0.0">
    <skipped/>
  </testcase> <!-- minstreetname -->
  <testcase classname="storetest.addstore" name="maxstreetname" time="0.0">
    <skipped/>
  </testcase> <!-- maxstreetname -->
  <testcase classname="storetest.addstore" name="validLocality" time="0.001">
    <skipped/>
  </testcase> <!-- validLocality -->
  <testcase classname="storetest.addstore" name="emptyLocality" time="0.0">
    <skipped/>
  </testcase> <!-- emptyLocality -->
  <testcase classname="storetest.addstore" name="specialCharacterLocality" time="0.0">
    <skipped/>
  </testcase> <!-- specialCharacterLocality -->
  <testcase classname="storetest.addstore" name="lessCharacterLocality" time="0.0">
    <skipped/>
  </testcase> <!-- lessCharacterLocality -->
  <testcase classname="storetest.addstore" name="moreCharacterLocality" time="0.0">
    <skipped/>
  </testcase> <!-- moreCharacterLocality -->
  <testcase classname="storetest.addstore" name="validEmail" time="0.0">
    <skipped/>
  </testcase> <!-- validEmail -->
  <testcase classname="storetest.addstore" name="emptyEmail" time="0.0">
    <skipped/>
  </testcase> <!-- emptyEmail -->
  <testcase classname="storetest.addstore" name="invalidEmail" time="0.0">
    <skipped/>
  </testcase> <!-- invalidEmail -->
  <testcase classname="storetest.addstore" name="specialCharEmail" time="0.0">
    <skipped/>
  </testcase> <!-- specialCharEmail -->
  <testcase classname="storetest.addstore" name="minemail" time="0.0">
    <skipped/>
  </testcase> <!-- minemail -->
  <testcase classname="storetest.addstore" name="maxemail" time="0.0">
    <skipped/>
  </testcase> <!-- maxemail -->
  <testcase classname="storetest.addstore" name="validPhoneNumber" time="0.0">
    <skipped/>
  </testcase> <!-- validPhoneNumber -->
  <testcase classname="storetest.addstore" name="emptyPhoneNumber" time="0.0">
    <skipped/>
  </testcase> <!-- emptyPhoneNumber -->
  <testcase classname="storetest.addstore" name="invalidPhoneNumber" time="0.0">
    <skipped/>
  </testcase> <!-- invalidPhoneNumber -->
  <testcase classname="storetest.addstore" name="lessCharPhoneNumber" time="0.002">
    <skipped/>
  </testcase> <!-- lessCharPhoneNumber -->
  <testcase classname="storetest.addstore" name="moreCharPhoneNumber" time="0.0">
    <skipped/>
  </testcase> <!-- moreCharPhoneNumber -->
  <testcase classname="storetest.addstore" name="validGst" time="0.001">
    <skipped/>
  </testcase> <!-- validGst -->
  <testcase classname="storetest.addstore" name="emptyGst" time="0.0">
    <skipped/>
  </testcase> <!-- emptyGst -->
  <testcase classname="storetest.addstore" name="invalidGst" time="0.0">
    <skipped/>
  </testcase> <!-- invalidGst -->
  <testcase classname="storetest.addstore" name="invalidLenGst" time="0.0">
    <skipped/>
  </testcase> <!-- invalidLenGst -->
  <testcase classname="storetest.addstore" name="validWebsite" time="0.0">
    <skipped/>
  </testcase> <!-- validWebsite -->
  <testcase classname="storetest.addstore" name="emptyWebsite" time="0.0">
    <skipped/>
  </testcase> <!-- emptyWebsite -->
  <testcase classname="storetest.addstore" name="invalidWebsite" time="0.0">
    <skipped/>
  </testcase> <!-- invalidWebsite -->
  <testcase classname="storetest.addstore" name="specialCharWebsite" time="0.0">
    <skipped/>
  </testcase> <!-- specialCharWebsite -->
  <testcase classname="storetest.addstore" name="validFssai" time="0.0">
    <skipped/>
  </testcase> <!-- validFssai -->
  <testcase classname="storetest.addstore" name="emptyFssaiforFb" time="0.0">
    <skipped/>
  </testcase> <!-- emptyFssaiforFb -->
  <testcase classname="storetest.addstore" name="emptyFssaiforother" time="0.0">
    <skipped/>
  </testcase> <!-- emptyFssaiforother -->
  <testcase classname="storetest.addstore" name="invalidFssai" time="0.0">
    <skipped/>
  </testcase> <!-- invalidFssai -->
  <testcase classname="storetest.addstore" name="invalidLenFssai" time="0.0">
    <skipped/>
  </testcase> <!-- invalidLenFssai -->
  <testcase classname="storetest.addstore" name="specialCharFssai" time="0.0">
    <skipped/>
  </testcase> <!-- specialCharFssai -->
  <testcase classname="storetest.addstore" name="validUdhayamID" time="0.0">
    <skipped/>
  </testcase> <!-- validUdhayamID -->
  <testcase classname="storetest.addstore" name="emptyUdhayamID" time="0.001">
    <skipped/>
  </testcase> <!-- emptyUdhayamID -->
  <testcase classname="storetest.addstore" name="invalidUdhayamID" time="0.0">
    <skipped/>
  </testcase> <!-- invalidUdhayamID -->
  <testcase classname="storetest.addstore" name="invalidLenUdhayamID" time="0.0">
    <skipped/>
  </testcase> <!-- invalidLenUdhayamID -->
  <testcase classname="storetest.addstore" name="specialCharUdhayamID" time="0.0">
    <skipped/>
  </testcase> <!-- specialCharUdhayamID -->
</testsuite> <!-- Brave Test -->
