<?xml version="1.0" encoding="UTF-8"?>
<!-- Generated by org.testng.reporters.JUnitXMLReporter -->
<testsuite ignored="0" hostname="LAPTOP-JUA187N9" failures="0" tests="66" name="Chromium Test" time="346.341" errors="0" timestamp="2025-04-10T17:39:36 IST">
  <testcase classname="storetest.test" name="validTest" time="18.838"/>
  <testcase classname="storetest.test" name="testUploadLogo" time="5.671"/>
  <testcase classname="storetest.test" name="verifyUnsupportedFileUpload" time="2.411"/>
  <testcase classname="storetest.test" name="verifyDeleteLogo" time="2.806"/>
  <testcase classname="storetest.test" name="verifymaxsize" time="3.241"/>
  <testcase classname="storetest.test" name="validstorename" time="2.444"/>
  <testcase classname="storetest.test" name="emptystorename" time="2.446"/>
  <testcase classname="storetest.test" name="specialcharactersstorename" time="0.402"/>
  <testcase classname="storetest.test" name="minstorename" time="2.451"/>
  <testcase classname="storetest.test" name="maxstorename" time="2.458"/>
  <testcase classname="storetest.test" name="storetype" time="2.364"/>
  <testcase classname="storetest.test" name="storeselect" time="0.662"/>
  <testcase classname="storetest.test" name="storetypenotselected" time="2.387"/>
  <testcase classname="storetest.test" name="validdoorno" time="2.367"/>
  <testcase classname="storetest.test" name="statedd" time="2.354"/>
  <testcase classname="storetest.test" name="stateselect" time="2.765"/>
  <testcase classname="storetest.test" name="statenotselected" time="2.376"/>
  <testcase classname="storetest.test" name="citydd" time="4.818"/>
  <testcase classname="storetest.test" name="cityselect" time="5.077"/>
  <testcase classname="storetest.test" name="citynotselected" time="2.388"/>
  <testcase classname="storetest.test" name="pincodedd" time="7.237"/>
  <testcase classname="storetest.test" name="pincodeselect" time="7.526"/>
  <testcase classname="storetest.test" name="pincodenotselected" time="2.401"/>
  <testcase classname="storetest.test" name="emptydoorno" time="2.378"/>
  <testcase classname="storetest.test" name="specialdoorno" time="0.384"/>
  <testcase classname="storetest.test" name="maxdoorno" time="2.401"/>
  <testcase classname="storetest.test" name="validstreetname" time="2.436"/>
  <testcase classname="storetest.test" name="emptystreetname" time="2.432"/>
  <testcase classname="storetest.test" name="specialcharacterssteetname" time="0.372"/>
  <testcase classname="storetest.test" name="minstreetname" time="2.441"/>
  <testcase classname="storetest.test" name="maxstreetname" time="2.431"/>
  <testcase classname="storetest.test" name="validLocality" time="2.395"/>
  <testcase classname="storetest.test" name="emptyLocality" time="2.389"/>
  <testcase classname="storetest.test" name="specialCharacterLocality" time="2.415"/>
  <testcase classname="storetest.test" name="lessCharacterLocality" time="2.382"/>
  <testcase classname="storetest.test" name="moreCharacterLocality" time="2.402"/>
  <testcase classname="storetest.test" name="validEmail" time="3.443"/>
  <testcase classname="storetest.test" name="emptyEmail" time="2.388"/>
  <testcase classname="storetest.test" name="invalidEmail" time="2.377"/>
  <testcase classname="storetest.test" name="specialCharEmail" time="2.386"/>
  <testcase classname="storetest.test" name="minemail" time="2.39"/>
  <testcase classname="storetest.test" name="maxemail" time="2.367"/>
  <testcase classname="storetest.test" name="validPhoneNumber" time="3.418"/>
  <testcase classname="storetest.test" name="emptyPhoneNumber" time="2.374"/>
  <testcase classname="storetest.test" name="invalidPhoneNumber" time="2.386"/>
  <testcase classname="storetest.test" name="lessCharPhoneNumber" time="2.396"/>
  <testcase classname="storetest.test" name="moreCharPhoneNumber" time="2.43"/>
  <testcase classname="storetest.test" name="validGst" time="2.43"/>
  <testcase classname="storetest.test" name="emptyGst" time="2.387"/>
  <testcase classname="storetest.test" name="invalidGst" time="2.385"/>
  <testcase classname="storetest.test" name="invalidLenGst" time="2.395"/>
  <testcase classname="storetest.test" name="validWebsite" time="2.408"/>
  <testcase classname="storetest.test" name="emptyWebsite" time="2.415"/>
  <testcase classname="storetest.test" name="invalidWebsite" time="2.401"/>
  <testcase classname="storetest.test" name="specialCharWebsite" time="2.385"/>
  <testcase classname="storetest.test" name="validFssai" time="2.831"/>
  <testcase classname="storetest.test" name="emptyFssaiforFb" time="2.798"/>
  <testcase classname="storetest.test" name="emptyFssaiforother" time="2.808"/>
  <testcase classname="storetest.test" name="invalidFssai" time="2.423"/>
  <testcase classname="storetest.test" name="invalidLenFssai" time="2.37"/>
  <testcase classname="storetest.test" name="specialCharFssai" time="2.395"/>
  <testcase classname="storetest.test" name="validUdhayamID" time="2.426"/>
  <testcase classname="storetest.test" name="emptyUdhayamID" time="2.449"/>
  <testcase classname="storetest.test" name="invalidUdhayamID" time="2.38"/>
  <testcase classname="storetest.test" name="invalidLenUdhayamID" time="2.387"/>
  <testcase classname="storetest.test" name="specialCharUdhayamID" time="2.421"/>
</testsuite> <!-- Chromium Test -->
