<?xml version="1.0" encoding="UTF-8"?>
<testng-results ignored="6" total="7" passed="1" failed="0" skipped="0">
  <reporter-output>
  </reporter-output>
  <suite started-at="2025-04-16T14:14:49 IST" name="Test Suite" finished-at="2025-04-16T14:15:14 IST" duration-ms="25040">
    <groups>
    </groups>
    <test started-at="2025-04-16T14:14:49 IST" name="test" finished-at="2025-04-16T14:15:14 IST" duration-ms="25040">
      <class name="storetest.KYCPage">
        <test-method is-config="true" signature="testOpenWebsite(java.lang.String,org.testng.ITestContext)[pri:0, instance:storetest.KYCPage@5542c4ed]" started-at="2025-04-16T14:14:49 IST" name="testOpenWebsite" finished-at="2025-04-16T14:15:01 IST" duration-ms="11924" status="PASS">
          <params>
            <param index="0">
              <value>
                <![CDATA[chromium]]>
              </value>
            </param>
            <param index="1">
              <value>
                <![CDATA[org.testng.TestRunner@42cc13a0]]>
              </value>
            </param>
          </params>
          <reporter-output>
          </reporter-output>
        </test-method> <!-- testOpenWebsite -->
        <test-method signature="kycpage()[pri:116, instance:storetest.KYCPage@5542c4ed]" started-at="2025-04-16T14:15:01 IST" name="kycpage" finished-at="2025-04-16T14:15:13 IST" duration-ms="12544" status="PASS">
          <reporter-output>
          </reporter-output>
        </test-method> <!-- kycpage -->
        <test-method is-config="true" signature="closeBrowser()[pri:0, instance:storetest.KYCPage@5542c4ed]" started-at="2025-04-16T14:15:13 IST" name="closeBrowser" finished-at="2025-04-16T14:15:14 IST" duration-ms="344" status="PASS">
          <reporter-output>
          </reporter-output>
        </test-method> <!-- closeBrowser -->
      </class> <!-- storetest.KYCPage -->
    </test> <!-- test -->
  </suite> <!-- Test Suite -->
</testng-results>
