<?xml version="1.0" encoding="UTF-8"?>
<testng-results ignored="17" total="18" passed="1" failed="0" skipped="0">
  <reporter-output>
  </reporter-output>
  <suite started-at="2025-03-26T16:37:46 IST" name="Test Suite" finished-at="2025-03-26T16:38:17 IST" duration-ms="30378">
    <groups>
    </groups>
    <test started-at="2025-03-26T16:37:46 IST" name="test" finished-at="2025-03-26T16:38:17 IST" duration-ms="30378">
      <class name="storetest.test">
        <test-method is-config="true" signature="testOpenWebsite()[pri:0, instance:storetest.test@44c03695]" started-at="2025-03-26T16:37:47 IST" name="testOpenWebsite" finished-at="2025-03-26T16:38:00 IST" duration-ms="13385" status="PASS">
          <reporter-output>
          </reporter-output>
        </test-method> <!-- testOpenWebsite -->
        <test-method signature="dd()[pri:0, instance:storetest.test@44c03695]" started-at="2025-03-26T16:38:00 IST" name="dd" finished-at="2025-03-26T16:38:16 IST" duration-ms="16174" status="PASS">
          <reporter-output>
          </reporter-output>
        </test-method> <!-- dd -->
        <test-method is-config="true" signature="closeBrowser()[pri:0, instance:storetest.test@44c03695]" started-at="2025-03-26T16:38:16 IST" name="closeBrowser" finished-at="2025-03-26T16:38:17 IST" duration-ms="468" status="PASS">
          <reporter-output>
          </reporter-output>
        </test-method> <!-- closeBrowser -->
      </class> <!-- storetest.test -->
    </test> <!-- test -->
  </suite> <!-- Test Suite -->
</testng-results>
